<?xml version="1.0" encoding="UTF-8"?>
<testng-results ignored="0" total="1" passed="1" failed="0" skipped="0">
  <reporter-output>
  </reporter-output>
  <suite started-at="2022-07-03T13:42:01 BDT" name="Default suite" finished-at="2022-07-03T13:42:21 BDT" duration-ms="19923">
    <groups>
    </groups>
    <test started-at="2022-07-03T13:42:01 BDT" name="Default test" finished-at="2022-07-03T13:42:21 BDT" duration-ms="19923">
      <class name="ecommerce.mystore.testcases.AccountCreationPageTest">
        <test-method is-config="true" signature="LoadConfig()[pri:0, instance:ecommerce.mystore.testcases.AccountCreationPageTest@13b13b5d]" started-at="2022-07-03T13:42:01 BDT" name="LoadConfig" finished-at="2022-07-03T13:42:01 BDT" duration-ms="5" status="PASS">
          <reporter-output>
          </reporter-output>
        </test-method> <!-- LoadConfig -->
        <test-method is-config="true" signature="Setup()[pri:0, instance:ecommerce.mystore.testcases.AccountCreationPageTest@13b13b5d]" started-at="2022-07-03T13:42:01 BDT" name="Setup" finished-at="2022-07-03T13:42:14 BDT" duration-ms="12364" status="PASS">
          <reporter-output>
          </reporter-output>
        </test-method> <!-- Setup -->
        <test-method signature="verifyCreateAccountPageTest()[pri:0, instance:ecommerce.mystore.testcases.AccountCreationPageTest@13b13b5d]" started-at="2022-07-03T13:42:14 BDT" name="verifyCreateAccountPageTest" finished-at="2022-07-03T13:42:21 BDT" duration-ms="7439" status="PASS">
          <reporter-output>
          </reporter-output>
        </test-method> <!-- verifyCreateAccountPageTest -->
        <test-method is-config="true" signature="tearDown()[pri:0, instance:ecommerce.mystore.testcases.AccountCreationPageTest@13b13b5d]" started-at="2022-07-03T13:42:21 BDT" name="tearDown" finished-at="2022-07-03T13:42:21 BDT" duration-ms="96" status="PASS">
          <reporter-output>
          </reporter-output>
        </test-method> <!-- tearDown -->
      </class> <!-- ecommerce.mystore.testcases.AccountCreationPageTest -->
    </test> <!-- Default test -->
  </suite> <!-- Default suite -->
</testng-results>
